<?xml version="1.0" encoding="UTF-8"?>
<!-- Generated by org.testng.reporters.JUnitXMLReporter -->
<testsuite ignored="0" hostname="user8" failures="0" tests="4" name="Default test" time="14.829" errors="0" timestamp="2024-11-20T09:54:58 IST">
  <testcase classname="TestScripts.NewArticleTest" name="logintest" time="0.728"/>
  <testcase classname="TestScripts.NewArticleTest" name="hometest" time="2.36"/>
  <testcase classname="TestScripts.NewArticleTest" name="articletest" time="1.255"/>
  <testcase classname="TestScripts.NewArticleTest" name="editarticle" time="2.5"/>
</testsuite> <!-- Default test -->
