<?xml version="1.0" encoding="UTF-8"?>
<!-- Generated by org.testng.reporters.JUnitXMLReporter -->
<testsuite ignored="0" hostname="user8" failures="0" tests="4" name="Default test" time="13.098" errors="0" timestamp="2024-11-18T16:04:11 IST">
  <testcase classname="TestScripts.NewArticleTest" name="logintest" time="0.765"/>
  <testcase classname="TestScripts.NewArticleTest" name="hometest" time="2.362"/>
  <testcase classname="TestScripts.NewArticleTest" name="articletest" time="0.611"/>
  <testcase classname="TestScripts.NewArticleTest" name="editarticle" time="2.584"/>
</testsuite> <!-- Default test -->
