<?xml version="1.0" encoding="UTF-8"?>
<testng-results ignored="0" total="4" passed="4" failed="0" skipped="0">
  <reporter-output>
  </reporter-output>
  <suite started-at="2024-11-20T09:54:43 IST" name="Default suite" finished-at="2024-11-20T09:54:58 IST" duration-ms="14829">
    <groups>
    </groups>
    <test started-at="2024-11-20T09:54:43 IST" name="Default test" finished-at="2024-11-20T09:54:58 IST" duration-ms="14829">
      <class name="TestScripts.NewArticleTest">
        <test-method is-config="true" signature="Setup()[pri:0, instance:TestScripts.NewArticleTest@6e6f2380]" started-at="2024-11-20T09:54:43 IST" name="Setup" finished-at="2024-11-20T09:54:51 IST" duration-ms="7713" status="PASS">
          <reporter-output>
          </reporter-output>
        </test-method> <!-- Setup -->
        <test-method signature="logintest()[pri:1, instance:TestScripts.NewArticleTest@6e6f2380]" started-at="2024-11-20T09:54:51 IST" name="logintest" finished-at="2024-11-20T09:54:52 IST" duration-ms="728" status="PASS">
          <reporter-output>
          </reporter-output>
        </test-method> <!-- logintest -->
        <test-method signature="hometest()[pri:2, instance:TestScripts.NewArticleTest@6e6f2380]" started-at="2024-11-20T09:54:52 IST" name="hometest" finished-at="2024-11-20T09:54:54 IST" duration-ms="2360" status="PASS">
          <reporter-output>
          </reporter-output>
        </test-method> <!-- hometest -->
        <test-method signature="articletest()[pri:3, instance:TestScripts.NewArticleTest@6e6f2380]" started-at="2024-11-20T09:54:54 IST" name="articletest" finished-at="2024-11-20T09:54:56 IST" duration-ms="1255" status="PASS">
          <reporter-output>
          </reporter-output>
        </test-method> <!-- articletest -->
        <test-method signature="editarticle()[pri:4, instance:TestScripts.NewArticleTest@6e6f2380]" started-at="2024-11-20T09:54:56 IST" name="editarticle" finished-at="2024-11-20T09:54:58 IST" duration-ms="2500" status="PASS">
          <reporter-output>
          </reporter-output>
        </test-method> <!-- editarticle -->
      </class> <!-- TestScripts.NewArticleTest -->
    </test> <!-- Default test -->
  </suite> <!-- Default suite -->
</testng-results>
